1774655523.521604 client started (50236): version 3.6a, socket /private/tmp/tmux-501/default, protocol 8
1774655523.521803 on Darwin 24.6.0 Darwin Kernel Version 24.6.0: Mon Jan 19 22:00:10 PST 2026; root:xnu-11417.140.69.708.3~1/RELEASE_X86_64
1774655523.521857 using libevent 2.1.12-stable select
1774655523.522199 using utf8proc 2.11.3
1774655523.522214 using ncurses 6.5 20240427
1774655523.522251 flags are 0x18000000
1774655523.522261 socket is /private/tmp/tmux-501/default
1774655523.522277 trying connect
1774655523.522303 connect failed: Connection refused
1774655523.522345 lock file is /private/tmp/tmux-501/default.lock
1774655523.522509 flock succeeded
1774655523.522524 got lock (6)
1774655523.522539 trying connect
1774655523.522560 connect failed: Connection refused
1774655523.523189 add peer 0x600001660000: 7 (0x0)
1774655523.524048 sending message 111 to peer 0x600001660000 (8 bytes)
1774655523.524095 sending message 111 to peer 0x600001660000 (8 bytes)
1774655523.524112 sending message 101 to peer 0x600001660000 (1 bytes)
1774655523.524125 sending message 109 to peer 0x600001660000 (4 bytes)
1774655523.524138 sending message 102 to peer 0x600001660000 (1 bytes)
1774655523.524151 sending message 108 to peer 0x600001660000 (38 bytes)
1774655523.524166 sending message 104 to peer 0x600001660000 (0 bytes)
1774655523.524188 sending message 110 to peer 0x600001660000 (0 bytes)
1774655523.524203 sending message 107 to peer 0x600001660000 (4 bytes)
1774655523.524216 sending message 105 to peer 0x600001660000 (28 bytes)
1774655523.524233 sending message 105 to peer 0x600001660000 (19 bytes)
1774655523.524246 sending message 105 to peer 0x600001660000 (15 bytes)
1774655523.524258 sending message 105 to peer 0x600001660000 (57 bytes)
1774655523.524303 sending message 105 to peer 0x600001660000 (80 bytes)
1774655523.524320 sending message 105 to peer 0x600001660000 (16 bytes)
1774655523.524333 sending message 105 to peer 0x600001660000 (30 bytes)
1774655523.524346 sending message 105 to peer 0x600001660000 (66 bytes)
1774655523.524358 sending message 105 to peer 0x600001660000 (40 bytes)
1774655523.524370 sending message 105 to peer 0x600001660000 (64 bytes)
1774655523.524382 sending message 105 to peer 0x600001660000 (33 bytes)
1774655523.524395 sending message 105 to peer 0x600001660000 (47 bytes)
1774655523.524407 sending message 105 to peer 0x600001660000 (43 bytes)
1774655523.524420 sending message 105 to peer 0x600001660000 (476 bytes)
1774655523.524445 sending message 105 to peer 0x600001660000 (42 bytes)
1774655523.524460 sending message 105 to peer 0x600001660000 (20 bytes)
1774655523.524472 sending message 105 to peer 0x600001660000 (14 bytes)
1774655523.524485 sending message 105 to peer 0x600001660000 (21 bytes)
1774655523.524497 sending message 105 to peer 0x600001660000 (35 bytes)
1774655523.524509 sending message 105 to peer 0x600001660000 (19 bytes)
1774655523.524522 sending message 105 to peer 0x600001660000 (8 bytes)
1774655523.524534 sending message 105 to peer 0x600001660000 (23 bytes)
1774655523.524546 sending message 105 to peer 0x600001660000 (19 bytes)
1774655523.524554 sending message 105 to peer 0x600001660000 (29 bytes)
1774655523.524562 sending message 105 to peer 0x600001660000 (44 bytes)
1774655523.524569 sending message 105 to peer 0x600001660000 (38 bytes)
1774655523.524576 sending message 105 to peer 0x600001660000 (22 bytes)
1774655523.524583 sending message 106 to peer 0x600001660000 (0 bytes)
1774655523.524636 sending message 200 to peer 0x600001660000 (4 bytes)
1774655523.524654 client loop enter
1774655523.524698 client_signal: Child exited: 20
1774655523.639632 peer 0x600001660000 message 303
1774655523.639657 open write file 2 -
1774655523.639875 sending message 305 to peer 0x600001660000 (8 bytes)
1774655523.639906 write check file 2
1774655523.640015 peer 0x600001660000 message 304
1774655523.640025 write 37 to file 2
1774655523.640049 peer 0x600001660000 message 203
1774655523.640063 file 2 37 bytes left
1774655523.640083 write check file 2
1774655523.640094 client loop exit
