1774655372.642567 client started (47938): version 3.6a, socket /private/tmp/tmux-501/default, protocol 8
1774655372.642646 on Darwin 24.6.0 Darwin Kernel Version 24.6.0: Mon Jan 19 22:00:10 PST 2026; root:xnu-11417.140.69.708.3~1/RELEASE_X86_64
1774655372.642664 using libevent 2.1.12-stable select
1774655372.643319 using utf8proc 2.11.3
1774655372.643344 using ncurses 6.5 20240427
1774655372.643390 flags are 0x18000000
1774655372.643404 socket is /private/tmp/tmux-501/default
1774655372.643420 trying connect
1774655372.643442 connect failed: No such file or directory
1774655372.643460 lock file is /private/tmp/tmux-501/default.lock
1774655372.643557 flock succeeded
1774655372.643569 got lock (6)
1774655372.643579 trying connect
1774655372.643592 connect failed: No such file or directory
1774655372.643913 add peer 0x600002440000: 7 (0x0)
1774655372.644198 sending message 111 to peer 0x600002440000 (8 bytes)
1774655372.644219 sending message 111 to peer 0x600002440000 (8 bytes)
1774655372.644230 sending message 101 to peer 0x600002440000 (1 bytes)
1774655372.644238 sending message 109 to peer 0x600002440000 (4 bytes)
1774655372.644246 sending message 102 to peer 0x600002440000 (1 bytes)
1774655372.644253 sending message 108 to peer 0x600002440000 (38 bytes)
1774655372.644262 sending message 104 to peer 0x600002440000 (0 bytes)
1774655372.644271 sending message 110 to peer 0x600002440000 (0 bytes)
1774655372.644278 sending message 107 to peer 0x600002440000 (4 bytes)
1774655372.644286 sending message 105 to peer 0x600002440000 (28 bytes)
1774655372.644293 sending message 105 to peer 0x600002440000 (19 bytes)
1774655372.644301 sending message 105 to peer 0x600002440000 (15 bytes)
1774655372.644309 sending message 105 to peer 0x600002440000 (57 bytes)
1774655372.644324 sending message 105 to peer 0x600002440000 (80 bytes)
1774655372.644334 sending message 105 to peer 0x600002440000 (16 bytes)
1774655372.644342 sending message 105 to peer 0x600002440000 (30 bytes)
1774655372.644350 sending message 105 to peer 0x600002440000 (66 bytes)
1774655372.644357 sending message 105 to peer 0x600002440000 (40 bytes)
1774655372.644369 sending message 105 to peer 0x600002440000 (64 bytes)
1774655372.644380 sending message 105 to peer 0x600002440000 (33 bytes)
1774655372.644388 sending message 105 to peer 0x600002440000 (47 bytes)
1774655372.644395 sending message 105 to peer 0x600002440000 (43 bytes)
1774655372.644403 sending message 105 to peer 0x600002440000 (476 bytes)
1774655372.644411 sending message 105 to peer 0x600002440000 (42 bytes)
1774655372.644419 sending message 105 to peer 0x600002440000 (20 bytes)
1774655372.644426 sending message 105 to peer 0x600002440000 (14 bytes)
1774655372.644434 sending message 105 to peer 0x600002440000 (21 bytes)
1774655372.644441 sending message 105 to peer 0x600002440000 (35 bytes)
1774655372.644448 sending message 105 to peer 0x600002440000 (19 bytes)
1774655372.644456 sending message 105 to peer 0x600002440000 (8 bytes)
1774655372.644463 sending message 105 to peer 0x600002440000 (23 bytes)
1774655372.644491 sending message 105 to peer 0x600002440000 (19 bytes)
1774655372.644502 sending message 105 to peer 0x600002440000 (29 bytes)
1774655372.644510 sending message 105 to peer 0x600002440000 (44 bytes)
1774655372.644517 sending message 105 to peer 0x600002440000 (38 bytes)
1774655372.644525 sending message 105 to peer 0x600002440000 (22 bytes)
1774655372.644532 sending message 106 to peer 0x600002440000 (0 bytes)
1774655372.644572 sending message 200 to peer 0x600002440000 (4 bytes)
1774655372.644583 client loop enter
1774655372.644617 client_signal: Child exited: 20
1774655372.756827 peer 0x600002440000 message 303
1774655372.756854 open write file 2 -
1774655372.756909 sending message 305 to peer 0x600002440000 (8 bytes)
1774655372.756930 write check file 2
1774655372.757030 peer 0x600002440000 message 304
1774655372.757040 write 37 to file 2
1774655372.757067 peer 0x600002440000 message 203
1774655372.757081 file 2 37 bytes left
1774655372.757099 write check file 2
1774655372.757108 client loop exit
